<?xml version="1.0" encoding="UTF-8"?>
<!-- Generated by org.testng.reporters.JUnitReportReporter -->
<testsuite skipped="0" hostname="DESKTOP-531T4BG" name="org.testing.TestScripts.GetAllData" tests="1" failures="0" timestamp="2020-07-18T11:41:34 IST" time="0.063" errors="0">
  <testcase name="getAllDataTC3" time="0.063" classname="org.testing.TestScripts.GetAllData"/>
  <system-out/>
</testsuite> <!-- org.testing.TestScripts.GetAllData -->
