<?xml version="1.0" encoding="UTF-8"?>
<!-- Generated by org.testng.reporters.JUnitReportReporter -->
<testsuite skipped="0" hostname="DESKTOP-531T4BG" name="org.testing.TestScripts.UpdateData" tests="1" failures="0" timestamp="2020-07-24T22:55:59 IST" time="0.013" errors="0">
  <testcase name="updateJsonOrg" time="0.013" classname="org.testing.TestScripts.UpdateData"/>
  <system-out/>
</testsuite> <!-- org.testing.TestScripts.UpdateData -->
