<?xml version="1.0" encoding="UTF-8"?>
<!-- Generated by org.testng.reporters.JUnitReportReporter -->
<testsuite skipped="0" hostname="DESKTOP-531T4BG" name="org.testing.TestScripts.PutReqTC5" tests="1" failures="0" timestamp="2020-07-24T18:07:22 IST" time="2.224" errors="0">
  <testcase name="updateReq" time="2.224" classname="org.testing.TestScripts.PutReqTC5"/>
  <system-out/>
</testsuite> <!-- org.testing.TestScripts.PutReqTC5 -->
