<?xml version="1.0" encoding="UTF-8"?>
<!-- Generated by org.testng.reporters.JUnitReportReporter -->
<testsuite skipped="0" hostname="DESKTOP-531T4BG" name="org.testing.TestScripts.GetRequest" tests="1" failures="0" timestamp="2020-07-18T11:41:34 IST" time="0.085" errors="0">
  <testcase name="TC2" time="0.085" classname="org.testing.TestScripts.GetRequest"/>
  <system-out/>
</testsuite> <!-- org.testing.TestScripts.GetRequest -->
