<?xml version="1.0" encoding="UTF-8"?>
<!-- Generated by org.testng.reporters.JUnitReportReporter -->
<testsuite skipped="0" hostname="DESKTOP-531T4BG" name="org.testing.TestScripts.DeleteReq" tests="1" failures="0" timestamp="2020-07-24T20:59:41 IST" time="2.363" errors="0">
  <testcase name="delReq" time="2.363" classname="org.testing.TestScripts.DeleteReq"/>
  <system-out/>
</testsuite> <!-- org.testing.TestScripts.DeleteReq -->
