<?xml version="1.0" encoding="UTF-8"?>
<!-- Generated by org.testng.reporters.JUnitReportReporter -->
<testsuite skipped="0" hostname="DESKTOP-531T4BG" name="org.testing.TestScripts.InsertNewKeyData" tests="1" failures="0" timestamp="2020-07-24T23:24:54 IST" time="0.034" errors="0">
  <testcase name="insertNewData" time="0.034" classname="org.testing.TestScripts.InsertNewKeyData"/>
  <system-out/>
</testsuite> <!-- org.testing.TestScripts.InsertNewKeyData -->
