<?xml version="1.0" encoding="UTF-8"?>
<!-- Generated by org.testng.reporters.JUnitReportReporter -->
<testsuite skipped="0" hostname="DESKTOP-531T4BG" name="org.testing.TestScripts.PostRequestTC" tests="1" failures="0" timestamp="2020-07-18T11:41:34 IST" time="9.392" errors="0">
  <testcase name="TC1" time="9.392" classname="org.testing.TestScripts.PostRequestTC"/>
  <system-out/>
</testsuite> <!-- org.testing.TestScripts.PostRequestTC -->
